<?xml version="1.0" encoding="UTF-8"?>
<!-- Generated by org.testng.reporters.JUnitReportReporter -->
<testsuite hostname="SDVB" failures="0" tests="1" name="testRest.GET" time="5.055" errors="0" timestamp="2022-12-03T22:34:31 IST" skipped="0">
  <testcase classname="testRest.GET" name="getUserDetails" time="5.055"/>
  <system-out/>
</testsuite> <!-- testRest.GET -->
