<?xml version="1.0" encoding="UTF-8"?>
<!-- Generated by org.testng.reporters.JUnitReportReporter -->
<testsuite hostname="SDVB" failures="0" tests="1" name="testRest.GetAllHeaderFromResponse" time="6.184" errors="0" timestamp="2022-12-03T16:56:46 IST" skipped="0">
  <testcase classname="testRest.GetAllHeaderFromResponse" name="getUserDetails" time="6.184"/>
  <system-out/>
</testsuite> <!-- testRest.GetAllHeaderFromResponse -->
