<?xml version="1.0" encoding="UTF-8"?>
<!-- Generated by org.testng.reporters.JUnitReportReporter -->
<testsuite hostname="SDVB" failures="0" tests="4" name="testRest.POST" time="5.540" errors="0" timestamp="2022-12-03T22:43:23 IST" skipped="3">
  <testcase classname="testRest.POST" name="postUserData4" time="5.540"/>
  <system-out/>
  <testcase classname="testRest.POST" name="postUserData1">
    <skipped/>
  </testcase> <!-- postUserData1 -->
  <system-out/>
  <testcase classname="testRest.POST" name="postUserData2">
    <skipped/>
  </testcase> <!-- postUserData2 -->
  <system-out/>
  <testcase classname="testRest.POST" name="postUserData3">
    <skipped/>
  </testcase> <!-- postUserData3 -->
  <system-out/>
</testsuite> <!-- testRest.POST -->
