<?xml version="1.0" encoding="UTF-8"?>
<!-- Generated by org.testng.reporters.JUnitReportReporter -->
<testsuite hostname="SDVB" failures="0" tests="2" name="testRest.PUT" time="5.450" errors="0" timestamp="2022-12-03T22:54:14 IST" skipped="1">
  <testcase classname="testRest.PUT" name="putUserData1" time="5.450"/>
  <system-out/>
  <testcase classname="testRest.PUT" name="putUserData">
    <skipped/>
  </testcase> <!-- putUserData -->
  <system-out/>
</testsuite> <!-- testRest.PUT -->
