<?xml version="1.0" encoding="UTF-8"?>
<!-- Generated by org.testng.reporters.JUnitReportReporter -->
<testsuite hostname="SDVB" failures="0" tests="1" name="testRest.DELETE" time="4.220" errors="0" timestamp="2022-12-03T22:14:44 IST" skipped="0">
  <testcase classname="testRest.DELETE" name="deleteUserData" time="4.220"/>
  <system-out/>
</testsuite> <!-- testRest.DELETE -->
